\BOOKMARK [1][-]{section.1}{Colored operads}{}% 1
\BOOKMARK [2][-]{subsection.1.1}{Fibered monads}{section.1}% 2
\BOOKMARK [2][-]{subsection.1.2}{Symmetric sequences and colored operads \(Luis' version\)}{section.1}% 3
\BOOKMARK [2][-]{subsection.1.3}{Symmetric sequences and colored operads}{section.1}% 4
\BOOKMARK [2][-]{subsection.1.4}{Equivariant colored operads}{section.1}% 5
\BOOKMARK [1][-]{appendix.A}{Monad for colored operads \(Luis\)}{}% 6
\BOOKMARK [2][-]{subsection.A.1}{Colored strings}{appendix.A}% 7
\BOOKMARK [2][-]{subsection.A.2}{The \(-\)A construction}{appendix.A}% 8
\BOOKMARK [2][-]{subsection.A.3}{The non-equivariant monad}{appendix.A}% 9
\BOOKMARK [3][-]{subsubsection.A.3.1}{The non-equivariant monad on colored spans}{subsection.A.3}% 10
\BOOKMARK [3][-]{subsubsection.A.3.2}{The non-equivariant monad on symmetric sequences}{subsection.A.3}% 11
\BOOKMARK [2][-]{subsection.A.4}{Filtration of free extensions}{appendix.A}% 12
\BOOKMARK [2][-]{subsection.A.5}{Filtration of free extensions in the equivariant case}{appendix.A}% 13
\BOOKMARK [1][-]{appendix.B}{Monad for colored operads}{}% 14
\BOOKMARK [2][-]{subsection.B.1}{Filtrations of free extensions}{appendix.B}% 15
\BOOKMARK [1][-]{appendix.C}{Random Stuff}{}% 16
\BOOKMARK [2][-]{subsection.C.1}{Categories of pointed objects}{appendix.C}% 17
\BOOKMARK [2][-]{subsection.C.2}{Pullback functor and the geometric realization}{appendix.C}% 18
\BOOKMARK [2][-]{subsection.C.3}{Realization and G-}{appendix.C}% 19
\BOOKMARK [2][-]{subsection.C.4}{Lemmas for pushouts of operads}{appendix.C}% 20
\BOOKMARK [3][-]{subsubsection.C.4.1}{Pushouts and change of color}{subsection.C.4}% 21
\BOOKMARK [3][-]{subsubsection.C.4.2}{Free operads and change of color}{subsection.C.4}% 22
\BOOKMARK [1][-]{appendix.D}{Monads}{}% 23
\BOOKMARK [2][-]{subsection.D.1}{Monad on equivariant spans}{appendix.D}% 24
\BOOKMARK [2][-]{subsection.D.2}{bla}{appendix.D}% 25
