\BOOKMARK [1][-]{section.1}{Overview}{}% 1
\BOOKMARK [1][-]{section.2}{Preliminaries}{}% 2
\BOOKMARK [2][-]{subsection.2.1}{Wreath products and Grothendieck fibrations}{section.2}% 3
\BOOKMARK [2][-]{subsection.2.2}{Homotopy in a general model category}{section.2}% 4
\BOOKMARK [1][-]{section.3}{Colored Operads}{}% 5
\BOOKMARK [2][-]{subsection.3.1}{Non-Equivariant Colored Operads}{section.3}% 6
\BOOKMARK [2][-]{subsection.3.2}{Equivariant Colored Operads}{section.3}% 7
\BOOKMARK [2][-]{subsection.3.3}{Colored trees and a monadic description of equivariant operads}{section.3}% 8
\BOOKMARK [3][-]{subsubsection.3.3.1}{Single-Colored Operads}{subsection.3.3}% 9
\BOOKMARK [1][-]{section.4}{Colored Genuine Equivariant Operads}{}% 10
\BOOKMARK [2][-]{subsection.4.1}{Colored G-Trees}{section.4}% 11
\BOOKMARK [2][-]{subsection.4.2}{Planar Strings and Stuff}{section.4}% 12
\BOOKMARK [2][-]{subsection.4.3}{Comparison with C-colored operads}{section.4}% 13
\BOOKMARK [2][-]{subsection.4.4}{Free extensions}{section.4}% 14
\BOOKMARK [2][-]{subsection.4.5}{Model structures}{section.4}% 15
\BOOKMARK [2][-]{subsection.4.6}{Aside: Comparisons and cofibrancy}{section.4}% 16
\BOOKMARK [1][-]{section.5}{Model structure for all colors}{}% 17
\BOOKMARK [2][-]{subsection.5.1}{Trivial cofibrations}{section.5}% 18
\BOOKMARK [2][-]{subsection.5.2}{2-out-of-3}{section.5}% 19
\BOOKMARK [2][-]{subsection.5.3}{Dwyer-Kan equivalences}{section.5}% 20
\BOOKMARK [3][-]{subsubsection.5.3.1}{Satisfying the coherence axiom - nothing new}{subsection.5.3}% 21
\BOOKMARK [2][-]{subsection.5.4}{Examples}{section.5}% 22
\BOOKMARK [1][-]{section.6}{In dSetG}{}% 23
\BOOKMARK [2][-]{subsection.6.1}{The homotopy genuine equivariant operad}{section.6}% 24
\BOOKMARK [1][-]{section.7}{Scratchwork}{}% 25
\BOOKMARK [2][-]{subsection.7.1}{Colored simplicial tensors and cotensors}{section.7}% 26
\BOOKMARK [2][-]{subsection.7.2}{Semi-cofibrantly generated}{section.7}% 27
\BOOKMARK [2][-]{subsection.7.3}{Formalizing some stuff}{section.7}% 28
\BOOKMARK [2][-]{subsection.7.4}{Extra lifts for -categories}{section.7}% 29
\BOOKMARK [2][-]{subsection.7.5}{TBD}{section.7}% 30
\BOOKMARK [2][-]{subsection.7.6}{Fixed color lemmas}{section.7}% 31
\BOOKMARK [2][-]{subsection.7.7}{Tame time}{section.7}% 32
\BOOKMARK [1][-]{section.8}{Coloring via spans}{}% 33
\BOOKMARK [2][-]{subsection.8.1}{Preliminaries}{section.8}% 34
\BOOKMARK [2][-]{subsection.8.2}{Edge functors}{section.8}% 35
\BOOKMARK [2][-]{subsection.8.3}{Vertex functors}{section.8}% 36
\BOOKMARK [2][-]{subsection.8.4}{Edge and vertex compatibilities}{section.8}% 37
\BOOKMARK [1][-]{section.9}{2-categories of spans}{}% 38
\BOOKMARK [2][-]{subsection.9.1}{2-overcategories}{section.9}% 39
